<?xml version="1.0" encoding="UTF-8"?>
<testng-results ignored="0" total="2" passed="1" failed="1" skipped="0">
  <reporter-output>
  </reporter-output>
  <suite started-at="2022-09-28T03:21:13Z" name="Default suite" finished-at="2022-09-28T03:22:18Z" duration-ms="65323">
    <groups>
    </groups>
    <test started-at="2022-09-28T03:21:13Z" name="Default test" finished-at="2022-09-28T03:22:18Z" duration-ms="65323">
      <class name="com.gp.webapp.tests.GPTest">
        <test-method is-config="true" signature="openBrowser()[pri:0, instance:com.gp.webapp.tests.GPTest@1ab06251]" started-at="2022-09-28T03:21:12Z" name="openBrowser" finished-at="2022-09-28T03:21:13Z" duration-ms="919" status="PASS">
          <reporter-output>
          </reporter-output>
        </test-method> <!-- openBrowser -->
        <test-method is-config="true" signature="openUrl()[pri:0, instance:com.gp.webapp.tests.GPTest@1ab06251]" started-at="2022-09-28T03:21:13Z" name="openUrl" finished-at="2022-09-28T03:21:15Z" duration-ms="2832" status="PASS">
          <reporter-output>
          </reporter-output>
        </test-method> <!-- openUrl -->
        <test-method is-config="true" signature="max()[pri:0, instance:com.gp.webapp.tests.GPTest@1ab06251]" started-at="2022-09-28T03:21:15Z" name="max" finished-at="2022-09-28T03:21:15Z" duration-ms="123" status="PASS">
          <reporter-output>
          </reporter-output>
        </test-method> <!-- max -->
        <test-method is-config="true" signature="timeAndCookies()[pri:0, instance:com.gp.webapp.tests.GPTest@1ab06251]" started-at="2022-09-28T03:21:15Z" name="timeAndCookies" finished-at="2022-09-28T03:21:19Z" duration-ms="3029" status="PASS">
          <reporter-output>
          </reporter-output>
        </test-method> <!-- timeAndCookies -->
        <test-method signature="login()[pri:1, instance:com.gp.webapp.tests.GPTest@1ab06251]" started-at="2022-09-28T03:21:19Z" name="login" finished-at="2022-09-28T03:22:11Z" duration-ms="52869" status="PASS">
          <reporter-output>
          </reporter-output>
        </test-method> <!-- login -->
        <test-method is-config="true" signature="screenshot()[pri:0, instance:com.gp.webapp.tests.GPTest@1ab06251]" started-at="2022-09-28T03:22:11Z" name="screenshot" finished-at="2022-09-28T03:22:12Z" duration-ms="163" status="PASS">
          <reporter-output>
          </reporter-output>
        </test-method> <!-- screenshot -->
        <test-method is-config="true" signature="timeAndCookies()[pri:0, instance:com.gp.webapp.tests.GPTest@1ab06251]" started-at="2022-09-28T03:22:12Z" name="timeAndCookies" finished-at="2022-09-28T03:22:15Z" duration-ms="3024" status="PASS">
          <reporter-output>
          </reporter-output>
        </test-method> <!-- timeAndCookies -->
        <test-method signature="checkMap(java.lang.String)[pri:2, instance:com.gp.webapp.tests.GPTest@1ab06251]" started-at="2022-09-28T03:22:15Z" name="checkMap" data-provider="getData" finished-at="2022-09-28T03:22:18Z" duration-ms="3091" status="FAIL">
          <params>
            <param index="0">
              <value>
                <![CDATA[ROFANANDAA1007]]>
              </value>
            </param>
          </params>
          <exception class="org.openqa.selenium.NoSuchElementException">
            <message>
              <![CDATA[no such element: Unable to locate element: {"method":"css selector","selector":"h4#div_site_count"}
  (Session info: chrome=105.0.5195.127)
For documentation on this error, please visit: https://www.seleniumhq.org/exceptions/no_such_element.html
Build info: version: '3.141.59', revision: 'e82be7d358', time: '2018-11-14T08:17:03'
System info: host: 'DESKTOP-NU2GF19', ip: '192.168.43.219', os.name: 'Windows 10', os.arch: 'amd64', os.version: '10.0', java.version: '16.0.1'
Driver info: org.openqa.selenium.chrome.ChromeDriver
Capabilities {acceptInsecureCerts: false, browserName: chrome, browserVersion: 105.0.5195.127, chrome: {chromedriverVersion: 105.0.5195.52 (412c95e51883..., userDataDir: C:\Users\Prajyat\AppData\Lo...}, goog:chromeOptions: {debuggerAddress: localhost:50205}, javascriptEnabled: true, networkConnectionEnabled: false, pageLoadStrategy: normal, platform: WINDOWS, platformName: WINDOWS, proxy: Proxy(), setWindowRect: true, strictFileInteractability: false, timeouts: {implicit: 0, pageLoad: 300000, script: 30000}, unhandledPromptBehavior: dismiss and notify, webauthn:extension:credBlob: true, webauthn:extension:largeBlob: true, webauthn:virtualAuthenticators: true}
Session ID: c79ea6bc96dcfd7b44bded579843f095
*** Element info: {Using=css selector, value=h4#div_site_count}]]>
            </message>
            <full-stacktrace>
              <![CDATA[org.openqa.selenium.NoSuchElementException: no such element: Unable to locate element: {"method":"css selector","selector":"h4#div_site_count"}
  (Session info: chrome=105.0.5195.127)
For documentation on this error, please visit: https://www.seleniumhq.org/exceptions/no_such_element.html
Build info: version: '3.141.59', revision: 'e82be7d358', time: '2018-11-14T08:17:03'
System info: host: 'DESKTOP-NU2GF19', ip: '192.168.43.219', os.name: 'Windows 10', os.arch: 'amd64', os.version: '10.0', java.version: '16.0.1'
Driver info: org.openqa.selenium.chrome.ChromeDriver
Capabilities {acceptInsecureCerts: false, browserName: chrome, browserVersion: 105.0.5195.127, chrome: {chromedriverVersion: 105.0.5195.52 (412c95e51883..., userDataDir: C:\Users\Prajyat\AppData\Lo...}, goog:chromeOptions: {debuggerAddress: localhost:50205}, javascriptEnabled: true, networkConnectionEnabled: false, pageLoadStrategy: normal, platform: WINDOWS, platformName: WINDOWS, proxy: Proxy(), setWindowRect: true, strictFileInteractability: false, timeouts: {implicit: 0, pageLoad: 300000, script: 30000}, unhandledPromptBehavior: dismiss and notify, webauthn:extension:credBlob: true, webauthn:extension:largeBlob: true, webauthn:virtualAuthenticators: true}
Session ID: c79ea6bc96dcfd7b44bded579843f095
*** Element info: {Using=css selector, value=h4#div_site_count}
at java.base/jdk.internal.reflect.NativeConstructorAccessorImpl.newInstance0(Native Method)
at java.base/jdk.internal.reflect.NativeConstructorAccessorImpl.newInstance(NativeConstructorAccessorImpl.java:78)
at java.base/jdk.internal.reflect.DelegatingConstructorAccessorImpl.newInstance(DelegatingConstructorAccessorImpl.java:45)
at java.base/java.lang.reflect.Constructor.newInstanceWithCaller(Constructor.java:499)
at java.base/java.lang.reflect.Constructor.newInstance(Constructor.java:480)
at org.openqa.selenium.remote.http.W3CHttpResponseCodec.createException(W3CHttpResponseCodec.java:187)
at org.openqa.selenium.remote.http.W3CHttpResponseCodec.decode(W3CHttpResponseCodec.java:122)
at org.openqa.selenium.remote.http.W3CHttpResponseCodec.decode(W3CHttpResponseCodec.java:49)
at org.openqa.selenium.remote.HttpCommandExecutor.execute(HttpCommandExecutor.java:158)
at org.openqa.selenium.remote.service.DriverCommandExecutor.execute(DriverCommandExecutor.java:83)
at org.openqa.selenium.remote.RemoteWebDriver.execute(RemoteWebDriver.java:552)
at org.openqa.selenium.remote.RemoteWebDriver.findElement(RemoteWebDriver.java:323)
at org.openqa.selenium.remote.RemoteWebDriver.findElementByCssSelector(RemoteWebDriver.java:420)
at org.openqa.selenium.By$ByCssSelector.findElement(By.java:431)
at org.openqa.selenium.remote.RemoteWebDriver.findElement(RemoteWebDriver.java:315)
at org.openqa.selenium.support.pagefactory.DefaultElementLocator.findElement(DefaultElementLocator.java:69)
at org.openqa.selenium.support.pagefactory.internal.LocatingElementHandler.invoke(LocatingElementHandler.java:38)
at jdk.proxy2/jdk.proxy2.$Proxy20.click(Unknown Source)
at com.gp.webapp.pages.Map.check(Map.java:65)
at com.gp.webapp.tests.GPTest.checkMap(GPTest.java:123)
at java.base/jdk.internal.reflect.NativeMethodAccessorImpl.invoke0(Native Method)
at java.base/jdk.internal.reflect.NativeMethodAccessorImpl.invoke(NativeMethodAccessorImpl.java:78)
at java.base/jdk.internal.reflect.DelegatingMethodAccessorImpl.invoke(DelegatingMethodAccessorImpl.java:43)
at java.base/java.lang.reflect.Method.invoke(Method.java:567)
at org.testng.internal.MethodInvocationHelper.invokeMethod(MethodInvocationHelper.java:124)
at org.testng.internal.Invoker.invokeMethod(Invoker.java:583)
at org.testng.internal.Invoker.invokeTestMethod(Invoker.java:719)
at org.testng.internal.Invoker.invokeTestMethods(Invoker.java:989)
at org.testng.internal.TestMethodWorker.invokeTestMethods(TestMethodWorker.java:125)
at org.testng.internal.TestMethodWorker.run(TestMethodWorker.java:109)
at org.testng.TestRunner.privateRun(TestRunner.java:648)
at org.testng.TestRunner.run(TestRunner.java:505)
at org.testng.SuiteRunner.runTest(SuiteRunner.java:455)
at org.testng.SuiteRunner.runSequentially(SuiteRunner.java:450)
at org.testng.SuiteRunner.privateRun(SuiteRunner.java:415)
at org.testng.SuiteRunner.run(SuiteRunner.java:364)
at org.testng.SuiteRunnerWorker.runSuite(SuiteRunnerWorker.java:52)
at org.testng.SuiteRunnerWorker.run(SuiteRunnerWorker.java:84)
at org.testng.TestNG.runSuitesSequentially(TestNG.java:1208)
at org.testng.TestNG.runSuitesLocally(TestNG.java:1137)
at org.testng.TestNG.runSuites(TestNG.java:1049)
at org.testng.TestNG.run(TestNG.java:1017)
at org.testng.remote.AbstractRemoteTestNG.run(AbstractRemoteTestNG.java:115)
at org.testng.remote.RemoteTestNG.initAndRun(RemoteTestNG.java:251)
at org.testng.remote.RemoteTestNG.main(RemoteTestNG.java:77)
]]>
            </full-stacktrace>
          </exception> <!-- org.openqa.selenium.NoSuchElementException -->
          <reporter-output>
          </reporter-output>
        </test-method> <!-- checkMap -->
        <test-method is-config="true" signature="screenshot()[pri:0, instance:com.gp.webapp.tests.GPTest@1ab06251]" started-at="2022-09-28T03:22:18Z" name="screenshot" finished-at="2022-09-28T03:22:18Z" duration-ms="139" status="PASS">
          <reporter-output>
          </reporter-output>
        </test-method> <!-- screenshot -->
        <test-method is-config="true" signature="deleteCookies()[pri:0, instance:com.gp.webapp.tests.GPTest@1ab06251]" started-at="2022-09-28T03:22:18Z" name="deleteCookies" finished-at="2022-09-28T03:22:18Z" duration-ms="18" status="PASS">
          <reporter-output>
          </reporter-output>
        </test-method> <!-- deleteCookies -->
        <test-method is-config="true" signature="dbClose()[pri:0, instance:com.gp.webapp.tests.GPTest@1ab06251]" started-at="2022-09-28T03:22:18Z" name="dbClose" finished-at="2022-09-28T03:22:18Z" duration-ms="1" status="PASS">
          <reporter-output>
          </reporter-output>
        </test-method> <!-- dbClose -->
        <test-method is-config="true" signature="browserClose()[pri:0, instance:com.gp.webapp.tests.GPTest@1ab06251]" started-at="2022-09-28T03:22:18Z" name="browserClose" finished-at="2022-09-28T03:22:18Z" duration-ms="79" status="PASS">
          <reporter-output>
          </reporter-output>
        </test-method> <!-- browserClose -->
      </class> <!-- com.gp.webapp.tests.GPTest -->
    </test> <!-- Default test -->
  </suite> <!-- Default suite -->
</testng-results>
